[2m5:15:02 pm[22m [31m[1m[vite][22m[39m [31m[2m(client)[22m[39m [31m[Unhandled rejection] [1mTypeError[22m: Failed to fetch
[39m > listWorkflows src/api.js:13:20
    11 |  
    12 |  export async function listWorkflows() {
    13 |    const res = await fetch(`${API_BASE}/workflows`);
       |                      ^
    14 |    return res.json();
    15 |  }
 > loadFirstWorkflow src/App.jsx:104:23
 > handleClick node_modules/@mui/material/ButtonBase/useButtonBase.mjs:122:24
 > executeDispatch node_modules/react-dom/cjs/react-dom-client.development.js:19116:8
 > runWithFiberInDEV node_modules/react-dom/cjs/react-dom-client.development.js:871:29
 > processDispatchQueue node_modules/react-dom/cjs/react-dom-client.development.js:19166:18
 > node_modules/react-dom/cjs/react-dom-client.development.js:19767:8
 > batchedUpdates$1 node_modules/react-dom/cjs/react-dom-client.development.js:3255:39
 > dispatchEventForPluginEventSystem node_modules/react-dom/cjs/react-dom-client.development.js:19320:6
 > dispatchEvent node_modules/react-dom/cjs/react-dom-client.development.js:23585:10

[2m5:15:02 pm[22m [31m[1m[vite][22m[39m [31m[2m(client)[22m[39m [31m[Unhandled rejection] [1mTypeError[22m: Failed to fetch
[39m > listWorkflows src/api.js:13:20
    11 |  
    12 |  export async function listWorkflows() {
    13 |    const res = await fetch(`${API_BASE}/workflows`);
       |                      ^
    14 |    return res.json();
    15 |  }
 > loadFirstWorkflow src/App.jsx:104:23
 > handleClick node_modules/@mui/material/ButtonBase/useButtonBase.mjs:122:24
 > executeDispatch node_modules/react-dom/cjs/react-dom-client.development.js:19116:8
 > runWithFiberInDEV node_modules/react-dom/cjs/react-dom-client.development.js:871:29
 > processDispatchQueue node_modules/react-dom/cjs/react-dom-client.development.js:19166:18
 > node_modules/react-dom/cjs/react-dom-client.development.js:19767:8
 > batchedUpdates$1 node_modules/react-dom/cjs/react-dom-client.development.js:3255:39
 > dispatchEventForPluginEventSystem node_modules/react-dom/cjs/react-dom-client.development.js:19320:6
 > dispatchEvent node_modules/react-dom/cjs/react-dom-client.development.js:23585:10

